Arguments: 
  C:\Program Files\nodejs\node.exe C:\Program Files\nodejs\node_modules\yarn\bin\yarn.js add mocha -g

PATH: 
  C:\ProgramData\Oracle\Java\javapath;C:\Program Files\Java\jdk1.8.0_60\bin;C:\Program Files (x86)\Intel\iCLS Client\;C:\Program Files\Intel\iCLS Client\;C:\Windows\system32;C:\Windows;C:\Windows\System32\Wbem;C:\Windows\System32\WindowsPowerShell\v1.0\;C:\Program Files (x86)\NVIDIA Corporation\PhysX\Common;C:\Program Files\Intel\Intel(R) Management Engine Components\DAL;C:\Program Files\Intel\Intel(R) Management Engine Components\IPT;C:\Program Files (x86)\Intel\Intel(R) Management Engine Components\DAL;C:\Program Files (x86)\Intel\Intel(R) Management Engine Components\IPT;C:\Program Files (x86)\Google\Google Apps Sync\;D:\apache-maven-3.3.3\bin;C:\gradle-2.7\bin;D:\download\Mobile\Android\AppData\Local\Android\sdk;D:\download\Mobile\Android\AppData\Local\Android\sdk\platform-tools;C:\Program Files\Git\cmd;C:\Program Files\OpenVPN\bin;C:\ProgramData\chocolatey\bin;C:\Program Files\Java\jdk1.8.0_112\bin;C:\Program Files (x86)\Windows Kits\8.1\Windows Performance Toolkit\;C:\Program Files\Microsoft SQL Server\130\Tools\Binn\;C:\Users\martin\AppData\Roaming\npm\node_modules\npm-check-updates\bin;C:\Users\martin\AppData\Roaming\npm\node_modules;C:\Users\martin\AppData\Roaming\npm;C:\Program Files\dotnet\;C:\Program Files (x86)\Skype\Phone\;C:\Programme-Portable\apache-ant-1.9.6\bin;C:\nvm;C:\Program Files\nodejs;C:\nvm;;C:\Program Files (x86)\Microsoft VS Code\bin;C:\Users\martin\AppData\Roaming\npm\node_modules\npm-check-updates\bin;C:\Users\martin\AppData\Roaming\npm\node_modules;C:\Users\martin\AppData\Roaming\npm;C:\Users\martin\AppData\Local\Programs\Fiddler;C:\nvm;C:\Program Files\nodejs;C:\nvm

Yarn version: 
  1.2.1

Node version: 
  8.8.1

Platform: 
  win32 x64

npm manifest: 
  {
    "name": "server",
    "version": "1.0.0"
    "scripts": {
      "start": "node app.js"
    }
  
  }

yarn manifest: 
  No manifest

Lockfile: 
  No lockfile

Trace: 
  SyntaxError: D:\github\modernJs\blog\package.json: Unexpected string in JSON at position 45
      at JSON.parse (<anonymous>)
      at C:\nvm\v8.8.1\node_modules\yarn\lib\cli.js:770:59
      at Generator.next (<anonymous>)
      at step (C:\nvm\v8.8.1\node_modules\yarn\lib\cli.js:92:30)
      at C:\nvm\v8.8.1\node_modules\yarn\lib\cli.js:103:13
      at <anonymous>
